#! /opt/homebrew/Cellar/icarus-verilog/11.0/bin/vvp
:ivl_version "11.0 (stable)";
:ivl_delay_selection "TYPICAL";
:vpi_time_precision + 0;
:vpi_module "/opt/homebrew/Cellar/icarus-verilog/11.0/lib/ivl/system.vpi";
:vpi_module "/opt/homebrew/Cellar/icarus-verilog/11.0/lib/ivl/vhdl_sys.vpi";
:vpi_module "/opt/homebrew/Cellar/icarus-verilog/11.0/lib/ivl/vhdl_textio.vpi";
:vpi_module "/opt/homebrew/Cellar/icarus-verilog/11.0/lib/ivl/v2005_math.vpi";
:vpi_module "/opt/homebrew/Cellar/icarus-verilog/11.0/lib/ivl/va_math.vpi";
S_0x131e041e0 .scope module, "CPU" "CPU" 2 1;
 .timescale 0 0;
    .port_info 0 /INPUT 1 "clock_in";
    .port_info 1 /INPUT 1 "reset_in";
    .port_info 2 /INPUT 1 "ready_in";
    .port_info 3 /INPUT 8 "memory_din";
    .port_info 4 /OUTPUT 8 "memory_dout";
    .port_info 5 /OUTPUT 32 "memory_addr";
    .port_info 6 /OUTPUT 1 "memory_wr";
    .port_info 7 /INPUT 1 "io_buffer_full";
    .port_info 8 /OUTPUT 32 "dbgreg_dout";
o0x128008010 .functor BUFZ 1, C4<z>; HiZ drive
v0x131e04490_0 .net "clock_in", 0 0, o0x128008010;  0 drivers
o0x128008040 .functor BUFZ 32, C4<zzzzzzzzzzzzzzzzzzzzzzzzzzzzzzzz>; HiZ drive
v0x131e14520_0 .net "dbgreg_dout", 31 0, o0x128008040;  0 drivers
o0x128008070 .functor BUFZ 1, C4<z>; HiZ drive
v0x131e145c0_0 .net "io_buffer_full", 0 0, o0x128008070;  0 drivers
o0x1280080a0 .functor BUFZ 32, C4<zzzzzzzzzzzzzzzzzzzzzzzzzzzzzzzz>; HiZ drive
v0x131e14670_0 .net "memory_addr", 31 0, o0x1280080a0;  0 drivers
o0x1280080d0 .functor BUFZ 8, C4<zzzzzzzz>; HiZ drive
v0x131e14710_0 .net "memory_din", 7 0, o0x1280080d0;  0 drivers
o0x128008100 .functor BUFZ 8, C4<zzzzzzzz>; HiZ drive
v0x131e14800_0 .net "memory_dout", 7 0, o0x128008100;  0 drivers
o0x128008130 .functor BUFZ 1, C4<z>; HiZ drive
v0x131e148b0_0 .net "memory_wr", 0 0, o0x128008130;  0 drivers
o0x128008160 .functor BUFZ 1, C4<z>; HiZ drive
v0x131e14950_0 .net "ready_in", 0 0, o0x128008160;  0 drivers
o0x128008190 .functor BUFZ 1, C4<z>; HiZ drive
v0x131e149f0_0 .net "reset_in", 0 0, o0x128008190;  0 drivers
# The file index is used to find the file name in the following table.
:file_names 3;
    "N/A";
    "<interactive>";
    "cpu.v";
